{
  "stats": {
    "suites": 2,
    "tests": 1,
    "passes": 1,
    "pending": 0,
    "failures": 0,
    "start": "2022-05-31T08:55:43.729Z",
    "end": "2022-05-31T08:55:47.170Z",
    "duration": 3441,
    "testsRegistered": 1,
    "passPercent": 100,
    "pendingPercent": 0,
    "other": 0,
    "hasOther": false,
    "skipped": 0,
    "hasSkipped": false
  },
  "results": [
    {
      "uuid": "1bae17b0-4bdf-44c0-b496-7a2b02479f43",
      "title": "",
      "fullFile": "/Users/iqbalee/Documents/Gawean/VSCODE Python/pytest.py/belajar.py/test/suites_homerevamp.js",
      "file": "/test/suites_homerevamp.js",
      "beforeHooks": [],
      "afterHooks": [],
      "tests": [],
      "suites": [
        {
          "uuid": "c0eba781-a67e-4f89-a71d-83a263fe687f",
          "title": "Automation Api Testing",
          "fullFile": "/Users/iqbalee/Documents/Gawean/VSCODE Python/pytest.py/belajar.py/test/suites_homerevamp.js",
          "file": "/test/suites_homerevamp.js",
          "beforeHooks": [],
          "afterHooks": [],
          "tests": [],
          "suites": [
            {
              "uuid": "e83f90c3-31bd-4539-b848-c2966c882494",
              "title": "HOME REVAMP",
              "fullFile": "/Users/iqbalee/Documents/Gawean/VSCODE Python/pytest.py/belajar.py/test/suites_homerevamp.js",
              "file": "/test/suites_homerevamp.js",
              "beforeHooks": [],
              "afterHooks": [],
              "tests": [
                {
                  "title": "POST REGISTER",
                  "fullTitle": "Automation Api Testing HOME REVAMP POST REGISTER",
                  "timedOut": false,
                  "duration": 3438,
                  "state": "passed",
                  "speed": "slow",
                  "pass": true,
                  "fail": false,
                  "pending": false,
                  "context": null,
                  "code": "const res = await New_regs.regis_patient(datas.new_register)\nconsole.log(\"Result\"+res.text);\nassert(res.status).to.equal(200)\nassert(res.body.data).to.have.property('user_id')",
                  "err": {},
                  "uuid": "bc05b645-a290-4eb6-ab9f-995214996998",
                  "parentUUID": "e83f90c3-31bd-4539-b848-c2966c882494",
                  "isHook": false,
                  "skipped": false
                }
              ],
              "suites": [],
              "passes": [
                "bc05b645-a290-4eb6-ab9f-995214996998"
              ],
              "failures": [],
              "pending": [],
              "skipped": [],
              "duration": 3438,
              "root": false,
              "rootEmpty": false,
              "_timeout": 50000
            }
          ],
          "passes": [],
          "failures": [],
          "pending": [],
          "skipped": [],
          "duration": 0,
          "root": false,
          "rootEmpty": false,
          "_timeout": 50000
        }
      ],
      "passes": [],
      "failures": [],
      "pending": [],
      "skipped": [],
      "duration": 0,
      "root": true,
      "rootEmpty": true,
      "_timeout": 50000
    }
  ],
  "meta": {
    "mocha": {
      "version": "10.0.0"
    },
    "mochawesome": {
      "options": {
        "quiet": false,
        "reportFilename": "mochawesome",
        "saveHtml": true,
        "saveJson": true,
        "consoleReporter": "spec",
        "useInlineDiffs": false,
        "code": true
      },
      "version": "7.1.3"
    },
    "marge": {
      "options": {
        "reportDir": "reports/mochawesome"
      },
      "version": "6.2.0"
    }
  }
}